<?xml version="1.1" encoding="UTF-8"?>
<testsuite name="LibraryTest" tests="1" failures="0" errors="0" timestamp="2014-03-03T20:26:45" hostname="midori" time="0.019">
  <properties/>
  <testcase name="testSomeLibraryMethod" classname="LibraryTest" time="0.019"/>
  <system-out><![CDATA[]]></system-out>
  <system-err><![CDATA[]]></system-err>
</testsuite>
