<?xml version="1.1" encoding="UTF-8"?>
<testsuite name="io.github.carlomicieli.java8.StadiumTests" tests="2" failures="0" errors="0" timestamp="2014-03-03T21:44:46" hostname="midori" time="0.061">
  <properties/>
  <testcase name="shouldCreateNewStadiums" classname="io.github.carlomicieli.java8.StadiumTests" time="0.032"/>
  <testcase name="shouldGetTheStadiumsList" classname="io.github.carlomicieli.java8.StadiumTests" time="0.009"/>
  <system-out><![CDATA[]]></system-out>
  <system-err><![CDATA[]]></system-err>
</testsuite>
